 INFO	MultiMC 5, (c) 2013 MultiMC Contributors 
 INFO	Version                    :  "0.3.8" 
 INFO	Git commit                 :  "7f4073840a9732d03c9f71f9baa08502f0bf2d94" 
 INFO	Work dir before adjustment :  "C:/Users/tom/SparkleShare/wtfun-modpack-jam/mmc-stable-win32/MultiMC" 
 INFO	Work dir after adjustment  :  "C:/Users/tom/SparkleShare/wtfun-modpack-jam/mmc-stable-win32/MultiMC" 
 INFO	Adjusted by                :  "Command line C:/Users/tom/SparkleShare/wtfun-modpack-jam/mmc-stable-win32/MultiMC" 
 INFO	Binary path                :  "C:/Users/tom/SparkleShare/wtfun-modpack-jam/mmc-stable-win32/MultiMC" 
 INFO	Application root path      :  "C:/Users/tom/SparkleShare/wtfun-modpack-jam/mmc-stable-win32/MultiMC" 
 INFO	Static data path           :  "C:/Users/tom/SparkleShare/wtfun-modpack-jam/mmc-stable-win32/MultiMC" 
 INFO	New FTB setup 
 INFO	FTB Launcher paths: "C:/Users/tom/AppData/Local/ftblauncher" and "C:/Users/tom/AppData/Roaming/ftblauncher" 
 INFO	Attempting to read "C:/Users/tom/AppData/Roaming/ftblauncher/ftblaunch.cfg" 
 INFO	FTB is installed at "E:/Downloads/Games" 
 INFO	Your language is "en" 
 INFO	Loading Instances... 
 INFO	Loading accounts... 
ERROR	"Failed to read the account list file (accounts.json)." 
 INFO	Detecting proxy settings... 
 INFO	Using no proxy is an option! 
 INFO	Started watching  "C:/Users/tom/SparkleShare/wtfun-modpack-jam/mmc-stable-win32/MultiMC/icons" 
 INFO	"Status JSON"  started. 
 INFO	Downloading  "http://status.mojang.com/check" 
 INFO	Reloading news. 
 INFO	"News RSS Feed"  started. 
 INFO	Downloading  "http://multimc.org/rss.xml" 
DEBUG	Checking for updates. 
DEBUG	Channel list isn't loaded yet. Loading channel list and deferring update check. 
DEBUG	Loading the channel list. 
 INFO	"Update System Channel List"  started. 
 INFO	Downloading  "http://files.multimc.org/update/win32/channels.json" 
 INFO	Didn't find any legacy assets to migrate 
DEBUG	Java path needs resetting, showing Java selection dialog... 
DEBUG	Probing the following Java paths:  
DEBUG	  "C:/Program Files/Java/jre7/bin/javaw.exe" 
DEBUG	  "C:/Program Files/Java/jre8/bin/javaw.exe" 
DEBUG	  "C:/Program Files/Java/jre6/bin/javaw.exe" 
DEBUG	  "C:/Program Files/Java/jdk1.7.0_55/bin/javaw.exe" 
DEBUG	  "C:/Program Files/Java/jdk1.8.0_05/bin/javaw.exe" 
DEBUG	  "C:/Program Files (x86)/Java/jre7/bin/javaw.exe" 
DEBUG	  "C:/Program Files (x86)/Java/jre6/bin/javaw.exe" 
DEBUG	  "java" 
 INFO	"Java detection"  started. 
DEBUG	Running java checker! 
DEBUG	"Java: C:/Program Files/Java/jre7/bin/javaw.exe" 
DEBUG	"Args: {-jar|C:/Users/tom/SparkleShare/wtfun-modpack-jam/mmc-stable-win32/MultiMC/jars/JavaCheck.jar}" 
DEBUG	Running java checker! 
DEBUG	"Java: C:/Program Files/Java/jre8/bin/javaw.exe" 
DEBUG	"Args: {-jar|C:/Users/tom/SparkleShare/wtfun-modpack-jam/mmc-stable-win32/MultiMC/jars/JavaCheck.jar}" 
DEBUG	Running java checker! 
DEBUG	"Java: C:/Program Files/Java/jre6/bin/javaw.exe" 
DEBUG	"Args: {-jar|C:/Users/tom/SparkleShare/wtfun-modpack-jam/mmc-stable-win32/MultiMC/jars/JavaCheck.jar}" 
DEBUG	Java checker has failed to start. 
 INFO	"Java detection" progress: 1 / 8 
DEBUG	Running java checker! 
DEBUG	"Java: C:/Program Files/Java/jdk1.7.0_55/bin/javaw.exe" 
DEBUG	"Args: {-jar|C:/Users/tom/SparkleShare/wtfun-modpack-jam/mmc-stable-win32/MultiMC/jars/JavaCheck.jar}" 
DEBUG	Running java checker! 
DEBUG	"Java: C:/Program Files/Java/jdk1.8.0_05/bin/javaw.exe" 
DEBUG	"Args: {-jar|C:/Users/tom/SparkleShare/wtfun-modpack-jam/mmc-stable-win32/MultiMC/jars/JavaCheck.jar}" 
DEBUG	Running java checker! 
DEBUG	"Java: C:/Program Files (x86)/Java/jre7/bin/javaw.exe" 
DEBUG	"Args: {-jar|C:/Users/tom/SparkleShare/wtfun-modpack-jam/mmc-stable-win32/MultiMC/jars/JavaCheck.jar}" 
DEBUG	Running java checker! 
DEBUG	"Java: C:/Program Files (x86)/Java/jre6/bin/javaw.exe" 
DEBUG	"Args: {-jar|C:/Users/tom/SparkleShare/wtfun-modpack-jam/mmc-stable-win32/MultiMC/jars/JavaCheck.jar}" 
DEBUG	Java checker has failed to start. 
 INFO	"Java detection" progress: 2 / 8 
DEBUG	Running java checker! 
DEBUG	"Java: java" 
DEBUG	"Args: {-jar|C:/Users/tom/SparkleShare/wtfun-modpack-jam/mmc-stable-win32/MultiMC/jars/JavaCheck.jar}" 
 INFO	"Checking for notifications"  started. 
 INFO	Downloading  "http://files.multimc.org/notifications.json" 
 INFO	Task succeeded 
 INFO	"Status JSON" progress: 1 / 1 
 INFO	"Status JSON" succeeded. 
DEBUG	Finished loading status JSON. 
DEBUG	Status loading succeeded. 
 INFO	"News RSS Feed" progress: 1 / 1 
 INFO	"News RSS Feed" succeeded. 
DEBUG	Finished loading RSS feed. 
DEBUG	Loaded news entry "Introducing QuickMods - A better way to install mods" 
DEBUG	Loaded news entry "Support us on Patreon!" 
DEBUG	Loaded news entry "Heartbleed Vulnerability Update (fixed!)" 
DEBUG	Loaded news entry "Announcing MultiMC 6" 
DEBUG	Loaded news entry "MultiMC 5 - 0.3 update" 
DEBUG	Loaded news entry "First official MultiMC 5 release!" 
DEBUG	Loaded news entry "MultiMC Status Update" 
DEBUG	News loading succeeded. 
 INFO	"Update System Channel List" progress: 1 / 1 
 INFO	"Update System Channel List" succeeded. 
 INFO	Successfully loaded UpdateChecker channel list. 
DEBUG	Checking for updates. 
 INFO	"GoUpdate Repository Index"  started. 
 INFO	Downloading  "http://files.multimc.org/update/win32/stable/index.json" 
 INFO	"GoUpdate Repository Index" progress: 1 / 1 
 INFO	"GoUpdate Repository Index" succeeded. 
DEBUG	Finished downloading repo index. Checking for new versions. 
DEBUG	Processing repository version list. 
DEBUG	Java checker finished with status  0  exit code  0 
DEBUG	"os.arch=x86
java.version=1.7.0_51
" 
DEBUG	Java checker succeeded. 
 INFO	"Java detection" progress: 3 / 8 
DEBUG	Java checker finished with status  0  exit code  0 
DEBUG	"os.arch=amd64
java.version=1.7.0_55
" 
DEBUG	Java checker succeeded. 
 INFO	"Java detection" progress: 4 / 8 
DEBUG	Java checker finished with status  0  exit code  0 
DEBUG	"os.arch=amd64
java.version=1.7.0_55
" 
DEBUG	Java checker succeeded. 
 INFO	"Java detection" progress: 5 / 8 
DEBUG	Java checker finished with status  0  exit code  0 
DEBUG	"os.arch=amd64
java.version=1.8.0_05
" 
DEBUG	Java checker succeeded. 
 INFO	"Java detection" progress: 6 / 8 
DEBUG	Java checker finished with status  0  exit code  0 
DEBUG	"os.arch=x86
java.version=1.7.0_51
" 
DEBUG	Java checker succeeded. 
 INFO	"Java detection" progress: 7 / 8 
DEBUG	Java checker finished with status  0  exit code  0 
DEBUG	"os.arch=amd64
java.version=1.8.0_05
" 
DEBUG	Java checker succeeded. 
 INFO	"Java detection" progress: 8 / 8 
DEBUG	Found the following valid Java installations: 
DEBUG	  "1.7.0_55" "64" "C:/Program Files/Java/jre7/bin/javaw.exe" 
DEBUG	  "1.8.0_05" "64" "C:/Program Files/Java/jre8/bin/javaw.exe" 
DEBUG	  "1.7.0_55" "64" "C:/Program Files/Java/jdk1.7.0_55/bin/javaw.exe" 
DEBUG	  "1.8.0_05" "64" "C:/Program Files/Java/jdk1.8.0_05/bin/javaw.exe" 
DEBUG	  "1.7.0_51" "32" "C:/Program Files (x86)/Java/jre7/bin/javaw.exe" 
DEBUG	  "1.7.0_51" "32" "java" 
 INFO	Task succeeded 
 INFO	Adding  "icons/.empty" 
