2014-07-01 19:05:49 [CLIENT] [INFO] Setting user: Thristhart
2014-07-01 19:05:49 [CLIENT] [INFO] (Session ID is token:c66a20204aeb468ca663d703426e3dc3:8140df3e29f148f79c64b802511e867d)
2014-07-01 19:05:50 [CLIENT] [INFO] LWJGL Version: 2.9.0
2014-07-01 19:05:51 [CLIENT] [INFO] Reloading ResourceManager: Default
2014-07-01 19:10:22 [CLIENT] [INFO] Stopping!
2014-07-01 19:14:30 [CLIENT] [INFO] Setting user: Thristhart
2014-07-01 19:14:31 [CLIENT] [INFO] LWJGL Version: 2.9.0
2014-07-01 19:14:33 [CLIENT] [INFO] Reloading ResourceManager: Default
2014-07-01 19:14:38 [CLIENT] [INFO] Reloading ResourceManager: Default, FMLFileResourcePack:Forge Mod Loader, FMLFileResourcePack:Minecraft Forge, FMLFileResourcePack:Map Making Tools, FMLFileResourcePack:Hardcore Questing Mode
2014-07-01 19:14:42 [CLIENT] [INFO] Reloading ResourceManager: Default, FMLFileResourcePack:Forge Mod Loader, FMLFileResourcePack:Minecraft Forge, FMLFileResourcePack:Map Making Tools, FMLFileResourcePack:Hardcore Questing Mode
2014-07-01 19:15:36 [CLIENT] [INFO] [CHAT] This server doesn't have HQM Mode Enabled.
2014-07-01 19:15:38 [CLIENT] [INFO] [CHAT] A new Map Making Tools version exists (v2.1.3a) for Minecraft 1.7.2. Get it here: http://adfoc.us/14766141921305
2014-07-01 19:15:40 [CLIENT] [WARNING] Memory connection overburdened; after processing 2500 packets, we still have 1942 to go!
2014-07-01 19:15:40 [CLIENT] [WARNING] Memory connection overburdened; after processing 2500 packets, we still have 67 to go!
2014-07-01 19:17:52 [CLIENT] [INFO] [CHAT] Postion 1 set at (-100, 62, 145) 0 block(s) selected.
2014-07-01 19:17:54 [CLIENT] [INFO] [CHAT] Postion 2 set at (-116, 62, 153) 153 block(s) selected.
2014-07-01 19:18:19 [CLIENT] [INFO] [CHAT] Usage: //roof <blockId:blockMeta>
2014-07-01 19:18:22 [CLIENT] [INFO] [CHAT] 153 block(s) have been changed to Lime Stained Clay.
2014-07-01 19:18:44 [CLIENT] [INFO] Stopping!
2014-07-01 19:26:36 [CLIENT] [INFO] Setting user: Thristhart
2014-07-01 19:26:40 [CLIENT] [INFO] LWJGL Version: 2.9.0
2014-07-01 19:26:44 [CLIENT] [INFO] Reloading ResourceManager: Default
2014-07-01 19:26:50 [CLIENT] [INFO] Reloading ResourceManager: Default, FMLFileResourcePack:Forge Mod Loader, FMLFileResourcePack:Minecraft Forge, FMLFileResourcePack:Map Making Tools, FMLFileResourcePack:Hardcore Questing Mode
2014-07-01 19:26:55 [CLIENT] [INFO] Reloading ResourceManager: Default, FMLFileResourcePack:Forge Mod Loader, FMLFileResourcePack:Minecraft Forge, FMLFileResourcePack:Map Making Tools, FMLFileResourcePack:Hardcore Questing Mode
2014-07-01 19:29:32 [CLIENT] [INFO] [CHAT] This server doesn't have HQM Mode Enabled.
2014-07-01 19:29:33 [CLIENT] [INFO] [CHAT] A new Map Making Tools version exists (v2.1.3a) for Minecraft 1.7.2. Get it here: http://adfoc.us/14766141921305
2014-07-01 19:31:51 [CLIENT] [INFO] Stopping!
