2014-07-01 19:15:23 [SERVER] [INFO] Starting integrated minecraft server version 1.6.4
2014-07-01 19:15:23 [SERVER] [INFO] Generating keypair
2014-07-01 19:15:24 [SERVER] [INFO] Converting map!
2014-07-01 19:15:24 [SERVER] [INFO] Scanning folders...
2014-07-01 19:15:24 [SERVER] [INFO] Total conversion count is 0
2014-07-01 19:15:24 [SERVER] [INFO] Preparing start region for level 0
2014-07-01 19:15:25 [SERVER] [INFO] Preparing spawn area: 8%
2014-07-01 19:15:26 [SERVER] [INFO] Preparing spawn area: 19%
2014-07-01 19:15:28 [SERVER] [INFO] Preparing spawn area: 32%
2014-07-01 19:15:29 [SERVER] [INFO] Preparing spawn area: 44%
2014-07-01 19:15:30 [SERVER] [INFO] Preparing spawn area: 56%
2014-07-01 19:15:31 [SERVER] [INFO] Preparing spawn area: 67%
2014-07-01 19:15:32 [SERVER] [INFO] Preparing spawn area: 77%
2014-07-01 19:15:33 [SERVER] [INFO] Preparing spawn area: 88%
2014-07-01 19:15:34 [SERVER] [INFO] Preparing spawn area: 99%
2014-07-01 19:15:34 [SERVER] [INFO] Thristhart[/127.0.0.1:0] logged in with entity id 287 at (-108.5, 67.0, 125.5)
2014-07-01 19:15:34 [SERVER] [INFO] Thristhart joined the game
2014-07-01 19:15:43 [SERVER] [INFO] Saving and pausing game...
2014-07-01 19:15:43 [SERVER] [INFO] Saving chunks for level 'Test world'/Overworld
2014-07-01 19:15:48 [SERVER] [INFO] Saving chunks for level 'Test world'/Nether
2014-07-01 19:15:48 [SERVER] [INFO] Saving chunks for level 'Test world'/The End
2014-07-01 19:15:48 [SERVER] [WARNING] Can't keep up! Did the system time change, or is the server overloaded?
2014-07-01 19:18:00 [SERVER] [INFO] Saving and pausing game...
2014-07-01 19:18:00 [SERVER] [INFO] Saving chunks for level 'Test world'/Overworld
2014-07-01 19:18:00 [SERVER] [INFO] Saving chunks for level 'Test world'/Nether
2014-07-01 19:18:00 [SERVER] [INFO] Saving chunks for level 'Test world'/The End
2014-07-01 19:18:10 [SERVER] [INFO] Saving and pausing game...
2014-07-01 19:18:10 [SERVER] [INFO] Saving chunks for level 'Test world'/Overworld
2014-07-01 19:18:10 [SERVER] [INFO] Saving chunks for level 'Test world'/Nether
2014-07-01 19:18:10 [SERVER] [INFO] Saving chunks for level 'Test world'/The End
2014-07-01 19:18:31 [SERVER] [INFO] Saving and pausing game...
2014-07-01 19:18:31 [SERVER] [INFO] Saving chunks for level 'Test world'/Overworld
2014-07-01 19:18:31 [SERVER] [INFO] Saving chunks for level 'Test world'/Nether
2014-07-01 19:18:31 [SERVER] [INFO] Saving chunks for level 'Test world'/The End
2014-07-01 19:18:42 [SERVER] [INFO] Stopping server
2014-07-01 19:18:42 [SERVER] [INFO] Saving players
2014-07-01 19:18:42 [SERVER] [INFO] Thristhart left the game
2014-07-01 19:18:42 [SERVER] [INFO] Saving worlds
2014-07-01 19:18:42 [SERVER] [INFO] Saving chunks for level 'Test world'/Overworld
2014-07-01 19:18:42 [SERVER] [INFO] Saving chunks for level 'Test world'/Nether
2014-07-01 19:18:42 [SERVER] [INFO] Saving chunks for level 'Test world'/The End
2014-07-01 19:29:18 [SERVER] [INFO] Starting integrated minecraft server version 1.6.4
2014-07-01 19:29:18 [SERVER] [INFO] Generating keypair
2014-07-01 19:29:19 [SERVER] [INFO] Converting map!
2014-07-01 19:29:19 [SERVER] [INFO] Scanning folders...
2014-07-01 19:29:19 [SERVER] [INFO] Total conversion count is 0
2014-07-01 19:29:19 [SERVER] [WARNING] Unable to find spawn biome
